<?xml version="1.0" encoding="UTF-8"?>
<!-- Generated by org.testng.reporters.JUnitReportReporter -->
<testsuite hostname="DESKTOP-NU4OLLA" failures="0" tests="1" name="com.todos.tests.AddTodoTest" time="9.744" errors="0" timestamp="25 Oct 2020 12:53:35 GMT">
  <testcase classname="com.todos.tests.AddTodoTest" name="iCanAddTodo" time="9.744"/>
</testsuite> <!-- com.todos.tests.AddTodoTest -->
